<?xml version="1.0" encoding="UTF-8"?>
<!-- Generated by org.testng.reporters.JUnitXMLReporter -->
<testsuite ignored="0" hostname="Tamima" failures="0" tests="5" name="Default test" time="35.7" errors="0" timestamp="2024-08-25T16:19:57 BDT">
  <testcase classname="Utilities.DriverSetup" name="testcase1" time="12.448"/>
  <testcase classname="Utilities.DriverSetup" name="testcase5" time="5.476"/>
  <testcase classname="Utilities.DriverSetup" name="testcase2" time="5.532"/>
  <testcase classname="Utilities.DriverSetup" name="testcase3" time="5.519"/>
  <testcase classname="Utilities.DriverSetup" name="testcase4" time="6.673"/>
</testsuite> <!-- Default test -->
